# JRE version: OpenJDK Runtime Environment (8.0_333-b02) (build 1.8.0_333-b02)
# Java VM: OpenJDK 64-Bit Server VM (25.333-b02 mixed mode windows-amd64 compressed oops)
Heap:
 PSYoungGen      total 590336K, used 52629K [0x00000000d5580000, 0x00000000ff180000, 0x0000000100000000)
  eden space 554496K, 3% used [0x00000000d5580000,0x00000000d65e7cd0,0x00000000f7300000)
  from space 35840K, 99% used [0x00000000fce80000,0x00000000ff17d790,0x00000000ff180000)
  to   space 57856K, 0% used [0x00000000f8080000,0x00000000f8080000,0x00000000fb900000)
 ParOldGen       total 165376K, used 86496K [0x0000000080000000, 0x000000008a180000, 0x00000000d5580000)
  object space 165376K, 52% used [0x0000000080000000,0x0000000085478258,0x000000008a180000)
 Metaspace       used 119396K, capacity 124740K, committed 124888K, reserved 1157120K
  class space    used 15293K, capacity 16315K, committed 16344K, reserved 1048576K
GC Heap History (10 events):
Event: 225.929 GC heap before
{Heap before GC invocations=32 (full 3):
 PSYoungGen      total 611840K, used 611815K [0x00000000d5580000, 0x00000000ff300000, 0x0000000100000000)
  eden space 593408K, 100% used [0x00000000d5580000,0x00000000f9900000,0x00000000f9900000)
  from space 18432K, 99% used [0x00000000fe100000,0x00000000ff2f9db8,0x00000000ff300000)
  to   space 31232K, 0% used [0x00000000fb600000,0x00000000fb600000,0x00000000fd480000)
 ParOldGen       total 102912K, used 63323K [0x0000000080000000, 0x0000000086480000, 0x00000000d5580000)
  object space 102912K, 61% used [0x0000000080000000,0x0000000083dd6c40,0x0000000086480000)
 Metaspace       used 91799K, capacity 95562K, committed 95832K, reserved 1132544K
  class space    used 12049K, capacity 12780K, committed 12888K, reserved 1048576K
Event: 225.976 GC heap after
Heap after GC invocations=32 (full 3):
 PSYoungGen      total 597504K, used 30605K [0x00000000d5580000, 0x00000000fe180000, 0x0000000100000000)
  eden space 566784K, 0% used [0x00000000d5580000,0x00000000d5580000,0x00000000f7f00000)
  from space 30720K, 99% used [0x00000000fb600000,0x00000000fd3e35d8,0x00000000fd400000)
  to   space 13824K, 0% used [0x00000000fd400000,0x00000000fd400000,0x00000000fe180000)
 ParOldGen       total 102912K, used 63331K [0x0000000080000000, 0x0000000086480000, 0x00000000d5580000)
  object space 102912K, 61% used [0x0000000080000000,0x0000000083dd8c40,0x0000000086480000)
 Metaspace       used 91799K, capacity 95562K, committed 95832K, reserved 1132544K
  class space    used 12049K, capacity 12780K, committed 12888K, reserved 1048576K
}
Event: 234.084 GC heap before
{Heap before GC invocations=33 (full 3):
 PSYoungGen      total 597504K, used 597389K [0x00000000d5580000, 0x00000000fe180000, 0x0000000100000000)
  eden space 566784K, 100% used [0x00000000d5580000,0x00000000f7f00000,0x00000000f7f00000)
  from space 30720K, 99% used [0x00000000fb600000,0x00000000fd3e35d8,0x00000000fd400000)
  to   space 13824K, 0% used [0x00000000fd400000,0x00000000fd400000,0x00000000fe180000)
 ParOldGen       total 102912K, used 63331K [0x0000000080000000, 0x0000000086480000, 0x00000000d5580000)
  object space 102912K, 61% used [0x0000000080000000,0x0000000083dd8c40,0x0000000086480000)
 Metaspace       used 93144K, capacity 96974K, committed 97112K, reserved 1134592K
  class space    used 12149K, capacity 12860K, committed 12888K, reserved 1048576K
Event: 234.152 GC heap after
Heap after GC invocations=33 (full 3):
 PSYoungGen      total 621568K, used 13805K [0x00000000d5580000, 0x0000000100000000, 0x0000000100000000)
  eden space 607744K, 0% used [0x00000000d5580000,0x00000000d5580000,0x00000000fa700000)
  from space 13824K, 99% used [0x00000000fd400000,0x00000000fe17b430,0x00000000fe180000)
  to   space 45568K, 0% used [0x00000000fa700000,0x00000000fa700000,0x00000000fd380000)
 ParOldGen       total 102912K, used 92960K [0x0000000080000000, 0x0000000086480000, 0x00000000d5580000)
  object space 102912K, 90% used [0x0000000080000000,0x0000000085ac8258,0x0000000086480000)
 Metaspace       used 93144K, capacity 96974K, committed 97112K, reserved 1134592K
  class space    used 12149K, capacity 12860K, committed 12888K, reserved 1048576K
}
Event: 234.152 GC heap before
{Heap before GC invocations=34 (full 4):
 PSYoungGen      total 621568K, used 13805K [0x00000000d5580000, 0x0000000100000000, 0x0000000100000000)
  eden space 607744K, 0% used [0x00000000d5580000,0x00000000d5580000,0x00000000fa700000)
  from space 13824K, 99% used [0x00000000fd400000,0x00000000fe17b430,0x00000000fe180000)
  to   space 45568K, 0% used [0x00000000fa700000,0x00000000fa700000,0x00000000fd380000)
 ParOldGen       total 102912K, used 92960K [0x0000000080000000, 0x0000000086480000, 0x00000000d5580000)
  object space 102912K, 90% used [0x0000000080000000,0x0000000085ac8258,0x0000000086480000)
 Metaspace       used 93144K, capacity 96974K, committed 97112K, reserved 1134592K
  class space    used 12149K, capacity 12860K, committed 12888K, reserved 1048576K
Event: 234.459 GC heap after
Heap after GC invocations=34 (full 4):
 PSYoungGen      total 621568K, used 0K [0x00000000d5580000, 0x0000000100000000, 0x0000000100000000)
  eden space 607744K, 0% used [0x00000000d5580000,0x00000000d5580000,0x00000000fa700000)
  from space 13824K, 0% used [0x00000000fd400000,0x00000000fd400000,0x00000000fe180000)
  to   space 45568K, 0% used [0x00000000fa700000,0x00000000fa700000,0x00000000fd380000)
 ParOldGen       total 165376K, used 77870K [0x0000000080000000, 0x000000008a180000, 0x00000000d5580000)
  object space 165376K, 47% used [0x0000000080000000,0x0000000084c0ba00,0x000000008a180000)
 Metaspace       used 93050K, capacity 96704K, committed 97112K, reserved 1134592K
  class space    used 12118K, capacity 12813K, committed 12888K, reserved 1048576K
}
Event: 354.865 GC heap before
{Heap before GC invocations=35 (full 4):
 PSYoungGen      total 621568K, used 607744K [0x00000000d5580000, 0x0000000100000000, 0x0000000100000000)
  eden space 607744K, 100% used [0x00000000d5580000,0x00000000fa700000,0x00000000fa700000)
  from space 13824K, 0% used [0x00000000fd400000,0x00000000fd400000,0x00000000fe180000)
  to   space 45568K, 0% used [0x00000000fa700000,0x00000000fa700000,0x00000000fd380000)
 ParOldGen       total 165376K, used 77870K [0x0000000080000000, 0x000000008a180000, 0x00000000d5580000)
  object space 165376K, 47% used [0x0000000080000000,0x0000000084c0ba00,0x000000008a180000)
 Metaspace       used 109615K, capacity 114220K, committed 114520K, reserved 1148928K
  class space    used 13949K, capacity 14871K, committed 14936K, reserved 1048576K
Event: 354.948 GC heap after
Heap after GC invocations=35 (full 4):
 PSYoungGen      total 621056K, used 40141K [0x00000000d5580000, 0x00000000ff180000, 0x0000000100000000)
  eden space 580608K, 0% used [0x00000000d5580000,0x00000000d5580000,0x00000000f8c80000)
  from space 40448K, 99% used [0x00000000fa700000,0x00000000fce33648,0x00000000fce80000)
  to   space 35840K, 0% used [0x00000000fce80000,0x00000000fce80000,0x00000000ff180000)
 ParOldGen       total 165376K, used 77878K [0x0000000080000000, 0x000000008a180000, 0x00000000d5580000)
  object space 165376K, 47% used [0x0000000080000000,0x0000000084c0da00,0x000000008a180000)
 Metaspace       used 109615K, capacity 114220K, committed 114520K, reserved 1148928K
  class space    used 13949K, capacity 14871K, committed 14936K, reserved 1048576K
}
Event: 375.737 GC heap before
{Heap before GC invocations=36 (full 4):
 PSYoungGen      total 621056K, used 620749K [0x00000000d5580000, 0x00000000ff180000, 0x0000000100000000)
  eden space 580608K, 100% used [0x00000000d5580000,0x00000000f8c80000,0x00000000f8c80000)
  from space 40448K, 99% used [0x00000000fa700000,0x00000000fce33648,0x00000000fce80000)
  to   space 35840K, 0% used [0x00000000fce80000,0x00000000fce80000,0x00000000ff180000)
 ParOldGen       total 165376K, used 77878K [0x0000000080000000, 0x000000008a180000, 0x00000000d5580000)
  object space 165376K, 47% used [0x0000000080000000,0x0000000084c0da00,0x000000008a180000)
 Metaspace       used 117854K, capacity 122960K, committed 123096K, reserved 1157120K
  class space    used 15008K, capacity 16021K, committed 16088K, reserved 1048576K
Event: 375.842 GC heap after
Heap after GC invocations=36 (full 4):
 PSYoungGen      total 590336K, used 35829K [0x00000000d5580000, 0x00000000ff180000, 0x0000000100000000)
  eden space 554496K, 0% used [0x00000000d5580000,0x00000000d5580000,0x00000000f7300000)
  from space 35840K, 99% used [0x00000000fce80000,0x00000000ff17d790,0x00000000ff180000)
  to   space 57856K, 0% used [0x00000000f8080000,0x00000000f8080000,0x00000000fb900000)
 ParOldGen       total 165376K, used 86496K [0x0000000080000000, 0x000000008a180000, 0x00000000d5580000)
  object space 165376K, 52% used [0x0000000080000000,0x0000000085478258,0x000000008a180000)
 Metaspace       used 117854K, capacity 122960K, committed 123096K, reserved 1157120K
  class space    used 15008K, capacity 16021K, committed 16088K, reserved 1048576K
}

